<?xml version="1.0" encoding="UTF-8"?>
<testsuite name="Beispielprojekt.AppTest" tests="1" skipped="0" failures="0" errors="0" timestamp="2020-10-13T12:33:35" hostname="Khalils-MacBook-Air.local" time="0.033">
  <properties/>
  <testcase name="appHasAGreeting()" classname="Beispielprojekt.AppTest" time="0.033"/>
  <system-out><![CDATA[]]></system-out>
  <system-err><![CDATA[]]></system-err>
</testsuite>
